Welcome to the XWin X Server
Vendor: Moba/X
Release: 1.21.1.3
OS: Windows 10  [Windows NT 10.0 build 19045] x86-on-x64
Package: version  built 2022-03-26

XWin was started with the following command line:

C:\Users\sk\DOCUME~1\MobaXterm\slash\bin\XWin_MobaX.exe 
 -silent-dup-error -notrayicon -nolisten inet6 -hostintitle +bs 
 -clipboard -nowgl -multiwindow -noreset :0 

ddxProcessArgument - Initializing default screens
winInitializeScreenDefaults - primary monitor w 1152 h 864
(==) FontPath set to /usr/share/fonts/misc/
(==) FontPath set to C:\Users\sk\DOCUME~1\MobaXterm\slash/usr/share/fonts/misc/
(==) FontPath set to /usr/share/fonts/TTF/
(==) FontPath set to C:\Users\sk\DOCUME~1\MobaXterm\slash/usr/share/fonts/TTF/
(==) FontPath set to /usr/share/fonts/OTF/
(==) FontPath set to C:\Users\sk\DOCUME~1\MobaXterm\slash/usr/share/fonts/OTF/
(==) FontPath set to /usr/share/fonts/Type1/
(==) FontPath set to C:\Users\sk\DOCUME~1\MobaXterm\slash/usr/share/fonts/Type1/
(==) FontPath set to /usr/share/fonts/100dpi/
(==) FontPath set to C:\Users\sk\DOCUME~1\MobaXterm\slash/usr/share/fonts/100dpi/
(==) FontPath set to /usr/share/fonts/75dpi/
(==) FontPath set to C:\Users\sk\DOCUME~1\MobaXterm\slash/usr/share/fonts/75dpi/
(==) FontPath set to "C:\Users\sk\DOCUME~1\MobaXterm\slash/usr/share/fonts/misc/,C:\Users\sk\DOCUME~1\MobaXterm\slash/usr/share/fonts/TTF/,C:\Users\sk\DOCUME~1\MobaXterm\slash/usr/share/fonts/OTF/,C:\Users\sk\DOCUME~1\MobaXterm\slash/usr/share/fonts/Type1/,C:\Users\sk\DOCUME~1\MobaXterm\slash/usr/share/fonts/100dpi/,C:\Users\sk\DOCUME~1\MobaXterm\slash/usr/share/fonts/75dpi/"
(==) Setting XKEYSYMDB path to XKEYSYMDB=C:\Users\sk\DOCUME~1\MobaXterm\slash\usr\share\X11\XKeysymDB
(==) Setting XERRORDB path to XERRORDB=C:\Users\sk\DOCUME~1\MobaXterm\slash\usr\share\X11\XErrorDB
(==) Setting XLOCALEDIR path to XLOCALEDIR=C:\Users\sk\DOCUME~1\MobaXterm\slash\usr\share\X11\locale
(==) Logfile set to "C:\Users\sk\DOCUME~1\MobaXterm\slash\var\log\xwin\XWin.0.log"
(==) Setting XKB path to C:\Users\sk\DOCUME~1\MobaXterm\slash\usr\share\X11\xkb
[483188.734] winUpdateDpi - primary monitor native DPI x 96 y 96
[483188.890] winDetectSupportedEngines - RemoteSession: no
[483189.406] winDetectSupportedEngines - DirectDraw4 installed, allowing ShadowDDNL
[483189.437] winDetectSupportedEngines - Returning, supported engines 00000005
[483189.437] winSetEngine - Multi Window or Rootless => ShadowGDI
[483189.437] winScreenInit - Using Windows display depth of 32 bits per pixel
[483189.453] winAllocateFBShadowGDI - Creating DIB with width: 1152 height: 864 depth: 32
[483189.453] winFinishScreenInitFB - Masks: 00ff0000 0000ff00 000000ff
[483189.453] winInitVisualsShadowGDI - Masks 00ff0000 0000ff00 000000ff BPRGB 8 d 24 bpp 32
[483189.453] (II) IGLX: Loaded and initialized swrast
[483189.453] (II) GLX: Initialized DRISWRAST GL provider for screen 0
[483189.562] (II) [XKB]  "C:\Users\sk\DOCUME~1\MobaXterm\slash\var\log\xwin\xkb_a04216" file successfully created.
[483189.562] (II) [XKB]  Launching xkbcomp.exe with the following command:
[483189.562] (II) [XKB]  "C:\Users\sk\DOCUME~1\MobaXterm\slash\bin\xkbcomp_w32.exe" -w 1 "-RC:\Users\sk\DOCUME~1\MobaXterm\slash\usr\share\X11\xkb" -xkm "C:\Users\sk\DOCUME~1\MobaXterm\slash\var\log\xwin\xkb_a04216" -em1 "The XKEYBOARD keymap compiler (xkbcomp) reports:" -emp "> " -eml "Errors from xkbcomp are not fatal to the X server" "C:\Users\sk\DOCUME~1\MobaXterm\slash\var\log\xwin\server-0.xkm"
[483189.562] (II) [XKB]  LaunchXkbComp(II) :  succeeded
[483189.703] (II) [XKB]  Successfully created keyboard mapping file "C:\Users\sk\DOCUME~1\MobaXterm\slash\var\log\xwin\xkb_a04216"
[483189.703] winPointerWarpCursor - Discarding first warp: 576 432
[483189.718] (--) 8 mouse buttons found
[483189.718] (--) Setting autorepeat to delay=500, rate=31
[483189.718] (--) Windows keyboard layout: "00000409" (00000409) "US", type 4
[483189.718] (--) Found matching XKB configuration "English (USA)"
[483189.718] (--) Model = "pc105" Layout = "us" Variant = "none" Options = "none"
[483189.718] Rules = "base" Model = "pc105" Layout = "us" Variant = "none" Options = "none"
[483189.718] winInitMultiWindowWM - DISPLAY=127.0.0.1:0.0
[483189.718] winMultiWindowXMsgProc - DISPLAY=127.0.0.1:0.0
[483189.718] winMultiWindowXMsgProc - xcb_connect() returned and successfully opened the display.
[483189.718] winProcEstablishConnection - winInitClipboard returned.
[483189.718] winClipboardThreadProc - DISPLAY=127.0.0.1:0.0
[483189.718] winInitMultiWindowWM - xcb_connect () returned and successfully opened the display.
[483189.718] winClipboardProc - xcb_connect () returned and successfully opened the display.
[483189.718] Using Composite redirection
[483193.234] winWindowProc - WM_EXITSIZEMOVE
